05-08-2020-13:05:26,444 root INFO Episode: 0, Max reward:0, Avg Reward:0.0
05-08-2020-13:05:33,544 root INFO Episode: 5, Max reward:0, Avg Reward:0.0
05-08-2020-13:05:38,935 root INFO Episode: 10, Max reward:0, Avg Reward:0.0
05-08-2020-13:05:44,233 root INFO Episode: 15, Max reward:0, Avg Reward:0.0
05-08-2020-13:05:49,560 matplotlib.font_manager DEBUG findfont: Matching sans\-serif:style=normal:variant=normal:weight=normal:stretch=normal:size=10.0.
05-08-2020-13:05:49,560 matplotlib.font_manager DEBUG findfont: score(<Font 'STIXNonUnicode' (STIXNonUniIta.ttf) italic normal 400 normal>) = 11.05
05-08-2020-13:05:49,560 matplotlib.font_manager DEBUG findfont: score(<Font 'STIXSizeTwoSym' (STIXSizTwoSymBol.ttf) normal normal 700 normal>) = 10.335
05-08-2020-13:05:49,561 matplotlib.font_manager DEBUG findfont: score(<Font 'cmsy10' (cmsy10.ttf) normal normal 400 normal>) = 10.05
05-08-2020-13:05:49,561 matplotlib.font_manager DEBUG findfont: score(<Font 'cmex10' (cmex10.ttf) normal normal 400 normal>) = 10.05
05-08-2020-13:05:49,561 matplotlib.font_manager DEBUG findfont: score(<Font 'STIXSizeOneSym' (STIXSizOneSymReg.ttf) normal normal regular normal>) = 10.05
05-08-2020-13:05:49,561 matplotlib.font_manager DEBUG findfont: score(<Font 'cmb10' (cmb10.ttf) normal normal 400 normal>) = 10.05
05-08-2020-13:05:49,561 matplotlib.font_manager DEBUG findfont: score(<Font 'DejaVu Serif Display' (DejaVuSerifDisplay.ttf) normal normal 400 normal>) = 10.05
05-08-2020-13:05:49,561 matplotlib.font_manager DEBUG findfont: score(<Font 'STIXGeneral' (STIXGeneralBol.ttf) normal normal 700 normal>) = 10.335
05-08-2020-13:05:49,561 matplotlib.font_manager DEBUG findfont: score(<Font 'DejaVu Sans' (DejaVuSans-BoldOblique.ttf) oblique normal 700 normal>) = 1.335
05-08-2020-13:05:49,561 matplotlib.font_manager DEBUG findfont: score(<Font 'STIXSizeFourSym' (STIXSizFourSymBol.ttf) normal normal 700 normal>) = 10.335
05-08-2020-13:05:49,561 matplotlib.font_manager DEBUG findfont: score(<Font 'DejaVu Sans' (DejaVuSans.ttf) normal normal 400 normal>) = 0.05
05-08-2020-13:05:49,561 matplotlib.font_manager DEBUG findfont: score(<Font 'STIXGeneral' (STIXGeneral.ttf) normal normal regular normal>) = 10.05
05-08-2020-13:05:49,561 matplotlib.font_manager DEBUG findfont: score(<Font 'STIXNonUnicode' (STIXNonUniBolIta.ttf) italic normal 700 normal>) = 11.335
05-08-2020-13:05:49,561 matplotlib.font_manager DEBUG findfont: score(<Font 'DejaVu Serif' (DejaVuSerif.ttf) normal normal 400 normal>) = 10.05
05-08-2020-13:05:49,561 matplotlib.font_manager DEBUG findfont: score(<Font 'cmr10' (cmr10.ttf) normal normal 400 normal>) = 10.05
05-08-2020-13:05:49,561 matplotlib.font_manager DEBUG findfont: score(<Font 'DejaVu Sans Mono' (DejaVuSansMono-Bold.ttf) normal normal 700 normal>) = 10.335
05-08-2020-13:05:49,561 matplotlib.font_manager DEBUG findfont: score(<Font 'DejaVu Serif' (DejaVuSerif-Italic.ttf) italic normal 400 normal>) = 11.05
05-08-2020-13:05:49,561 matplotlib.font_manager DEBUG findfont: score(<Font 'STIXNonUnicode' (STIXNonUni.ttf) normal normal regular normal>) = 10.05
05-08-2020-13:05:49,562 matplotlib.font_manager DEBUG findfont: score(<Font 'DejaVu Sans' (DejaVuSans-Oblique.ttf) oblique normal 400 normal>) = 1.05
05-08-2020-13:05:49,562 matplotlib.font_manager DEBUG findfont: score(<Font 'STIXGeneral' (STIXGeneralBolIta.ttf) italic normal 700 normal>) = 11.335
05-08-2020-13:05:49,562 matplotlib.font_manager DEBUG findfont: score(<Font 'STIXSizeTwoSym' (STIXSizTwoSymReg.ttf) normal normal regular normal>) = 10.05
05-08-2020-13:05:49,562 matplotlib.font_manager DEBUG findfont: score(<Font 'STIXSizeThreeSym' (STIXSizThreeSymReg.ttf) normal normal regular normal>) = 10.05
05-08-2020-13:05:49,562 matplotlib.font_manager DEBUG findfont: score(<Font 'STIXSizeFiveSym' (STIXSizFiveSymReg.ttf) normal normal regular normal>) = 10.05
05-08-2020-13:05:49,562 matplotlib.font_manager DEBUG findfont: score(<Font 'DejaVu Serif' (DejaVuSerif-BoldItalic.ttf) italic normal 700 normal>) = 11.335
05-08-2020-13:05:49,562 matplotlib.font_manager DEBUG findfont: score(<Font 'DejaVu Sans Display' (DejaVuSansDisplay.ttf) normal normal 400 normal>) = 10.05
05-08-2020-13:05:49,562 matplotlib.font_manager DEBUG findfont: score(<Font 'STIXGeneral' (STIXGeneralItalic.ttf) italic normal 400 normal>) = 11.05
05-08-2020-13:05:49,562 matplotlib.font_manager DEBUG findfont: score(<Font 'cmtt10' (cmtt10.ttf) normal normal 400 normal>) = 10.05
05-08-2020-13:05:49,562 matplotlib.font_manager DEBUG findfont: score(<Font 'cmmi10' (cmmi10.ttf) normal normal 400 normal>) = 10.05
05-08-2020-13:05:49,562 matplotlib.font_manager DEBUG findfont: score(<Font 'cmss10' (cmss10.ttf) normal normal 400 normal>) = 10.05
05-08-2020-13:05:49,562 matplotlib.font_manager DEBUG findfont: score(<Font 'DejaVu Serif' (DejaVuSerif-Bold.ttf) normal normal 700 normal>) = 10.335
05-08-2020-13:05:49,562 matplotlib.font_manager DEBUG findfont: score(<Font 'STIXSizeFourSym' (STIXSizFourSymReg.ttf) normal normal regular normal>) = 10.05
05-08-2020-13:05:49,562 matplotlib.font_manager DEBUG findfont: score(<Font 'DejaVu Sans Mono' (DejaVuSansMono.ttf) normal normal 400 normal>) = 10.05
05-08-2020-13:05:49,562 matplotlib.font_manager DEBUG findfont: score(<Font 'STIXNonUnicode' (STIXNonUniBol.ttf) normal normal 700 normal>) = 10.335
05-08-2020-13:05:49,562 matplotlib.font_manager DEBUG findfont: score(<Font 'DejaVu Sans Mono' (DejaVuSansMono-Oblique.ttf) oblique normal 400 normal>) = 11.05
05-08-2020-13:05:49,562 matplotlib.font_manager DEBUG findfont: score(<Font 'STIXSizeThreeSym' (STIXSizThreeSymBol.ttf) normal normal 700 normal>) = 10.335
05-08-2020-13:05:49,563 matplotlib.font_manager DEBUG findfont: score(<Font 'STIXSizeOneSym' (STIXSizOneSymBol.ttf) normal normal 700 normal>) = 10.335
05-08-2020-13:05:49,563 matplotlib.font_manager DEBUG findfont: score(<Font 'DejaVu Sans' (DejaVuSans-Bold.ttf) normal normal 700 normal>) = 0.33499999999999996
05-08-2020-13:05:49,563 matplotlib.font_manager DEBUG findfont: score(<Font 'DejaVu Sans Mono' (DejaVuSansMono-BoldOblique.ttf) oblique normal 700 normal>) = 11.335
05-08-2020-13:05:49,563 matplotlib.font_manager DEBUG findfont: score(<Font 'DejaVu Sans' (DejaVuSans-Bold.ttf) normal normal 700 normal>) = 0.33499999999999996
05-08-2020-13:05:49,563 matplotlib.font_manager DEBUG findfont: score(<Font 'DejaVu Sans' (DejaVuSansCondensed-BoldOblique.ttf) oblique normal 700 condensed>) = 1.535
05-08-2020-13:05:49,563 matplotlib.font_manager DEBUG findfont: score(<Font 'DejaVu Sans' (DejaVuSans-ExtraLight.ttf) normal normal light normal>) = 0.24
05-08-2020-13:05:49,563 matplotlib.font_manager DEBUG findfont: score(<Font 'DejaVu Serif' (DejaVuSerif-Italic.ttf) italic normal 400 normal>) = 11.05
05-08-2020-13:05:49,563 matplotlib.font_manager DEBUG findfont: score(<Font 'DejaVu Serif' (DejaVuSerifCondensed-Italic.ttf) italic normal 400 condensed>) = 11.25
05-08-2020-13:05:49,563 matplotlib.font_manager DEBUG findfont: score(<Font 'DejaVu Sans Mono' (DejaVuSansMono.ttf) normal normal 400 normal>) = 10.05
05-08-2020-13:05:49,563 matplotlib.font_manager DEBUG findfont: score(<Font 'DejaVu Math TeX Gyre' (DejaVuMathTeXGyre.ttf) normal normal regular normal>) = 10.05
05-08-2020-13:05:49,563 matplotlib.font_manager DEBUG findfont: score(<Font 'DejaVu Sans Mono' (DejaVuSansMono-Oblique.ttf) oblique normal 400 normal>) = 11.05
05-08-2020-13:05:49,563 matplotlib.font_manager DEBUG findfont: score(<Font 'DejaVu Sans' (DejaVuSans.ttf) normal normal 400 normal>) = 0.05
05-08-2020-13:05:49,563 matplotlib.font_manager DEBUG findfont: score(<Font 'DejaVu Sans' (DejaVuSans-Oblique.ttf) oblique normal 400 normal>) = 1.05
05-08-2020-13:05:49,563 matplotlib.font_manager DEBUG findfont: score(<Font 'DejaVu Sans' (DejaVuSans-BoldOblique.ttf) oblique normal 700 normal>) = 1.335
05-08-2020-13:05:49,563 matplotlib.font_manager DEBUG findfont: score(<Font 'DejaVu Serif' (DejaVuSerifCondensed.ttf) normal normal 400 condensed>) = 10.25
05-08-2020-13:05:49,563 matplotlib.font_manager DEBUG findfont: score(<Font 'DejaVu Serif' (DejaVuSerifCondensed-BoldItalic.ttf) italic normal 700 condensed>) = 11.535
05-08-2020-13:05:49,564 matplotlib.font_manager DEBUG findfont: score(<Font 'DejaVu Sans' (DejaVuSansCondensed-Bold.ttf) normal normal 700 condensed>) = 0.5349999999999999
05-08-2020-13:05:49,564 matplotlib.font_manager DEBUG findfont: score(<Font 'DejaVu Sans' (DejaVuSansCondensed-Oblique.ttf) oblique normal 400 condensed>) = 1.25
05-08-2020-13:05:49,564 matplotlib.font_manager DEBUG findfont: score(<Font 'DejaVu Serif' (DejaVuSerif-BoldItalic.ttf) italic normal 700 normal>) = 11.335
05-08-2020-13:05:49,564 matplotlib.font_manager DEBUG findfont: score(<Font 'DejaVu Sans' (DejaVuSansCondensed.ttf) normal normal 400 condensed>) = 0.25
05-08-2020-13:05:49,564 matplotlib.font_manager DEBUG findfont: score(<Font 'DejaVu Sans Mono' (DejaVuSansMono-BoldOblique.ttf) oblique normal 700 normal>) = 11.335
05-08-2020-13:05:49,564 matplotlib.font_manager DEBUG findfont: score(<Font 'DejaVu Sans Mono' (DejaVuSansMono-Bold.ttf) normal normal 700 normal>) = 10.335
05-08-2020-13:05:49,564 matplotlib.font_manager DEBUG findfont: score(<Font 'DejaVu Serif' (DejaVuSerifCondensed-Bold.ttf) normal normal 700 condensed>) = 10.535
05-08-2020-13:05:49,564 matplotlib.font_manager DEBUG findfont: score(<Font 'DejaVu Serif' (DejaVuSerif.ttf) normal normal 400 normal>) = 10.05
05-08-2020-13:05:49,564 matplotlib.font_manager DEBUG findfont: score(<Font 'DejaVu Serif' (DejaVuSerif-Bold.ttf) normal normal 700 normal>) = 10.335
05-08-2020-13:05:49,564 matplotlib.font_manager DEBUG findfont: Matching sans\-serif:style=normal:variant=normal:weight=normal:stretch=normal:size=10.0 to DejaVu Sans ('/home/skmishra/anaconda3/envs/FR/lib/python3.7/site-packages/matplotlib/mpl-data/fonts/ttf/DejaVuSans.ttf') with score of 0.050000.
05-08-2020-13:05:49,702 root INFO Completed.
