The system is: Windows - 6.3.9600 - AMD64
Compiling the C compiler identification source file "CMakeCCompilerId.c" succeeded.
Compiler: C:/Program Files (x86)/Microsoft Visual Studio/2017/Community/VC/Tools/MSVC/14.16.27023/bin/Hostx86/x64/cl.exe 
Build flags: 
Id flags:  

The output was:
0
Microsoft (R) C/C++ Optimizing Compiler Version 19.16.27030.1 for x64
Copyright (C) Microsoft Corporation.  All rights reserved.

CMakeCCompilerId.c
Microsoft (R) Incremental Linker Version 14.16.27030.1
Copyright (C) Microsoft Corporation.  All rights reserved.

/out:CMakeCCompilerId.exe 
CMakeCCompilerId.obj 


Compilation of the C compiler identification source "CMakeCCompilerId.c" produced "CMakeCCompilerId.exe"

Compilation of the C compiler identification source "CMakeCCompilerId.c" produced "CMakeCCompilerId.obj"

The C compiler identification is MSVC, found in "E:/study related/masters/SEM 3/Hanabi/hanabi-learning-environment/_skbuild/win-amd64-3.7/cmake-build/CMakeFiles/3.17.2/CompilerIdC/CMakeCCompilerId.exe"

Compiling the CXX compiler identification source file "CMakeCXXCompilerId.cpp" succeeded.
Compiler: C:/Program Files (x86)/Microsoft Visual Studio/2017/Community/VC/Tools/MSVC/14.16.27023/bin/Hostx86/x64/cl.exe 
Build flags: 
Id flags:  

The output was:
0
Microsoft (R) C/C++ Optimizing Compiler Version 19.16.27030.1 for x64
Copyright (C) Microsoft Corporation.  All rights reserved.

CMakeCXXCompilerId.cpp
Microsoft (R) Incremental Linker Version 14.16.27030.1
Copyright (C) Microsoft Corporation.  All rights reserved.

/out:CMakeCXXCompilerId.exe 
CMakeCXXCompilerId.obj 


Compilation of the CXX compiler identification source "CMakeCXXCompilerId.cpp" produced "CMakeCXXCompilerId.exe"

Compilation of the CXX compiler identification source "CMakeCXXCompilerId.cpp" produced "CMakeCXXCompilerId.obj"

The CXX compiler identification is MSVC, found in "E:/study related/masters/SEM 3/Hanabi/hanabi-learning-environment/_skbuild/win-amd64-3.7/cmake-build/CMakeFiles/3.17.2/CompilerIdCXX/CMakeCXXCompilerId.exe"

Determining if the C compiler works passed with the following output:
Change Dir: E:/study related/masters/SEM 3/Hanabi/hanabi-learning-environment/_skbuild/win-amd64-3.7/cmake-build/CMakeFiles/CMakeTmp

Run Build Command(s):C:/Users/Saurabh/AppData/Local/Temp/pip-build-env-696vzf_i/overlay/Scripts/ninja.exe cmTC_eb75b && [1/2] Building C object CMakeFiles\cmTC_eb75b.dir\testCCompiler.c.obj
[2/2] Linking C executable cmTC_eb75b.exe



Detecting C compiler ABI info compiled with the following output:
Change Dir: E:/study related/masters/SEM 3/Hanabi/hanabi-learning-environment/_skbuild/win-amd64-3.7/cmake-build/CMakeFiles/CMakeTmp

Run Build Command(s):C:/Users/Saurabh/AppData/Local/Temp/pip-build-env-696vzf_i/overlay/Scripts/ninja.exe cmTC_31ad4 && [1/2] Building C object CMakeFiles\cmTC_31ad4.dir\CMakeCCompilerABI.c.obj
[2/2] Linking C executable cmTC_31ad4.exe



Determining if the CXX compiler works passed with the following output:
Change Dir: E:/study related/masters/SEM 3/Hanabi/hanabi-learning-environment/_skbuild/win-amd64-3.7/cmake-build/CMakeFiles/CMakeTmp

Run Build Command(s):C:/Users/Saurabh/AppData/Local/Temp/pip-build-env-696vzf_i/overlay/Scripts/ninja.exe cmTC_a74f1 && [1/2] Building CXX object CMakeFiles\cmTC_a74f1.dir\testCXXCompiler.cxx.obj
[2/2] Linking CXX executable cmTC_a74f1.exe



Detecting CXX compiler ABI info compiled with the following output:
Change Dir: E:/study related/masters/SEM 3/Hanabi/hanabi-learning-environment/_skbuild/win-amd64-3.7/cmake-build/CMakeFiles/CMakeTmp

Run Build Command(s):C:/Users/Saurabh/AppData/Local/Temp/pip-build-env-696vzf_i/overlay/Scripts/ninja.exe cmTC_065db && [1/2] Building CXX object CMakeFiles\cmTC_065db.dir\CMakeCXXCompilerABI.cpp.obj
[2/2] Linking CXX executable cmTC_065db.exe



